<?xml version="1.0" encoding="UTF-8"?>
<!-- Generated by org.testng.reporters.JUnitXMLReporter -->
<testsuite hostname="ADMIN-PC" ignored="0" name="Free CRM App" tests="3" failures="1" timestamp="2020-07-18T15:46:09 IST" time="58.559" errors="0">
  <testcase name="loginTitleTest" time="6.629" classname="com.crn.qa.testcases.LoginPageTest"/>
  <testcase name="loginImageTest" time="12.743" classname="com.crn.qa.testcases.LoginPageTest"/>
  <testcase name="loginTest" time="12.932" classname="com.crn.qa.testcases.LoginPageTest">
    <failure type="java.lang.Error" message="Unresolved compilation problems: 
	Syntax error on token &amp;quot;{&amp;quot;, { expected after this token
	Syntax error, insert &amp;quot;}&amp;quot; to complete Block
	Syntax error on token &amp;quot;=&amp;quot;, ; expected
">
      <![CDATA[java.lang.Error: Unresolved compilation problems: 
Syntax error on token "{", { expected after this token
Syntax error, insert "}" to complete Block
Syntax error on token "=", ; expected

at com.crm.qa.pages.Reservation.<init>(Reservation.java:7)
at com.crm.qa.pages.LoginPage.Login(LoginPage.java:41)
at com.crn.qa.testcases.LoginPageTest.loginTest(LoginPageTest.java:57)
at java.util.ArrayList.forEach(ArrayList.java:1249)
... Removed 27 stack frames]]>
    </failure>
  </testcase> <!-- loginTest -->
</testsuite> <!-- Free CRM App -->
