<?xml version="1.0" encoding="UTF-8"?>
<testng-results skipped="0" failed="0" ignored="0" total="2" passed="2">
  <reporter-output>
  </reporter-output>
  <suite name="Suite" duration-ms="46638" started-at="2020-09-05T23:36:32 IST" finished-at="2020-09-05T23:37:18 IST">
    <groups>
    </groups>
    <test name="Test" duration-ms="46638" started-at="2020-09-05T23:36:32 IST" finished-at="2020-09-05T23:37:18 IST">
      <class name="com.crm.qa.testng.firsttestng">
        <test-method status="PASS" signature="launchBrowser()[pri:0, instance:com.crm.qa.testng.firsttestng@76a4d6c]" name="launchBrowser" is-config="true" duration-ms="21525" started-at="2020-09-05T23:36:32 IST" finished-at="2020-09-05T23:36:53 IST">
          <reporter-output>
          </reporter-output>
        </test-method> <!-- launchBrowser -->
        <test-method status="PASS" signature="verifyHomepageTitle()[pri:0, instance:com.crm.qa.testng.firsttestng@76a4d6c]" name="verifyHomepageTitle" is-config="true" duration-ms="125" started-at="2020-09-05T23:36:54 IST" finished-at="2020-09-05T23:36:54 IST">
          <reporter-output>
          </reporter-output>
        </test-method> <!-- verifyHomepageTitle -->
        <test-method status="PASS" signature="register()[pri:0, instance:com.crm.qa.testng.firsttestng@76a4d6c]" name="register" duration-ms="6332" started-at="2020-09-05T23:36:54 IST" finished-at="2020-09-05T23:37:00 IST">
          <reporter-output>
          </reporter-output>
        </test-method> <!-- register -->
        <test-method status="PASS" signature="goBackToHomepage()[pri:0, instance:com.crm.qa.testng.firsttestng@76a4d6c]" name="goBackToHomepage" is-config="true" duration-ms="5014" started-at="2020-09-05T23:37:00 IST" finished-at="2020-09-05T23:37:05 IST">
          <reporter-output>
          </reporter-output>
        </test-method> <!-- goBackToHomepage -->
        <test-method status="PASS" signature="verifyHomepageTitle()[pri:0, instance:com.crm.qa.testng.firsttestng@76a4d6c]" name="verifyHomepageTitle" is-config="true" duration-ms="136" started-at="2020-09-05T23:37:05 IST" finished-at="2020-09-05T23:37:06 IST">
          <reporter-output>
          </reporter-output>
        </test-method> <!-- verifyHomepageTitle -->
        <test-method status="PASS" signature="support()[pri:1, instance:com.crm.qa.testng.firsttestng@76a4d6c]" name="support" duration-ms="4043" started-at="2020-09-05T23:37:06 IST" finished-at="2020-09-05T23:37:10 IST">
          <reporter-output>
          </reporter-output>
        </test-method> <!-- support -->
        <test-method status="PASS" signature="goBackToHomepage()[pri:0, instance:com.crm.qa.testng.firsttestng@76a4d6c]" name="goBackToHomepage" is-config="true" duration-ms="6125" started-at="2020-09-05T23:37:10 IST" finished-at="2020-09-05T23:37:16 IST">
          <reporter-output>
          </reporter-output>
        </test-method> <!-- goBackToHomepage -->
        <test-method status="PASS" signature="terminateBrowser()[pri:0, instance:com.crm.qa.testng.firsttestng@76a4d6c]" name="terminateBrowser" is-config="true" duration-ms="2653" started-at="2020-09-05T23:37:16 IST" finished-at="2020-09-05T23:37:18 IST">
          <reporter-output>
          </reporter-output>
        </test-method> <!-- terminateBrowser -->
      </class> <!-- com.crm.qa.testng.firsttestng -->
    </test> <!-- Test -->
  </suite> <!-- Suite -->
</testng-results>
