<?xml version="1.0" encoding="UTF-8"?>
<testng-results skipped="0" failed="1" ignored="0" total="3" passed="2">
  <reporter-output>
  </reporter-output>
  <suite name="FREE CRM Application Test Automation Test Suite" duration-ms="58559" started-at="2020-07-18T15:45:10 IST" finished-at="2020-07-18T15:46:08 IST">
    <groups>
    </groups>
    <test name="Free CRM App" duration-ms="58559" started-at="2020-07-18T15:45:10 IST" finished-at="2020-07-18T15:46:08 IST">
      <class name="com.crn.qa.testcases.LoginPageTest">
        <test-method status="PASS" signature="setUp()[pri:0, instance:com.crn.qa.testcases.LoginPageTest@6a396c1e]" name="setUp" is-config="true" duration-ms="25815" started-at="2020-07-18T15:45:10 IST" finished-at="2020-07-18T15:45:36 IST">
          <reporter-output>
          </reporter-output>
        </test-method> <!-- setUp -->
        <test-method status="PASS" signature="loginTitleTest()[pri:1, instance:com.crn.qa.testcases.LoginPageTest@6a396c1e]" name="loginTitleTest" duration-ms="6629" started-at="2020-07-18T15:45:36 IST" finished-at="2020-07-18T15:45:43 IST">
          <reporter-output>
          </reporter-output>
        </test-method> <!-- loginTitleTest -->
        <test-method status="PASS" signature="loginImageTest()[pri:2, instance:com.crn.qa.testcases.LoginPageTest@6a396c1e]" name="loginImageTest" duration-ms="12743" started-at="2020-07-18T15:45:43 IST" finished-at="2020-07-18T15:45:55 IST">
          <reporter-output>
          </reporter-output>
        </test-method> <!-- loginImageTest -->
        <test-method status="FAIL" signature="loginTest()[pri:3, instance:com.crn.qa.testcases.LoginPageTest@6a396c1e]" name="loginTest" duration-ms="12932" started-at="2020-07-18T15:45:55 IST" finished-at="2020-07-18T15:46:08 IST">
          <exception class="java.lang.Error">
            <message>
              <![CDATA[Unresolved compilation problems: 
Syntax error on token "{", { expected after this token
Syntax error, insert "}" to complete Block
Syntax error on token "=", ; expected
]]>
            </message>
            <full-stacktrace>
              <![CDATA[java.lang.Error: Unresolved compilation problems: 
Syntax error on token "{", { expected after this token
Syntax error, insert "}" to complete Block
Syntax error on token "=", ; expected

at com.crm.qa.pages.Reservation.<init>(Reservation.java:7)
at com.crm.qa.pages.LoginPage.Login(LoginPage.java:41)
at com.crn.qa.testcases.LoginPageTest.loginTest(LoginPageTest.java:57)
at sun.reflect.NativeMethodAccessorImpl.invoke0(Native Method)
at sun.reflect.NativeMethodAccessorImpl.invoke(NativeMethodAccessorImpl.java:62)
at sun.reflect.DelegatingMethodAccessorImpl.invoke(DelegatingMethodAccessorImpl.java:43)
at java.lang.reflect.Method.invoke(Method.java:498)
at org.testng.internal.MethodInvocationHelper.invokeMethod(MethodInvocationHelper.java:133)
at org.testng.internal.TestInvoker.invokeMethod(TestInvoker.java:584)
at org.testng.internal.TestInvoker.invokeTestMethod(TestInvoker.java:172)
at org.testng.internal.MethodRunner.runInSequence(MethodRunner.java:46)
at org.testng.internal.TestInvoker$MethodInvocationAgent.invoke(TestInvoker.java:804)
at org.testng.internal.TestInvoker.invokeTestMethods(TestInvoker.java:145)
at org.testng.internal.TestMethodWorker.invokeTestMethods(TestMethodWorker.java:146)
at org.testng.internal.TestMethodWorker.run(TestMethodWorker.java:128)
at java.util.ArrayList.forEach(ArrayList.java:1249)
at org.testng.TestRunner.privateRun(TestRunner.java:770)
at org.testng.TestRunner.run(TestRunner.java:591)
at org.testng.SuiteRunner.runTest(SuiteRunner.java:402)
at org.testng.SuiteRunner.runSequentially(SuiteRunner.java:396)
at org.testng.SuiteRunner.privateRun(SuiteRunner.java:355)
at org.testng.SuiteRunner.run(SuiteRunner.java:304)
at org.testng.SuiteRunnerWorker.runSuite(SuiteRunnerWorker.java:53)
at org.testng.SuiteRunnerWorker.run(SuiteRunnerWorker.java:96)
at org.testng.TestNG.runSuitesSequentially(TestNG.java:1180)
at org.testng.TestNG.runSuitesLocally(TestNG.java:1102)
at org.testng.TestNG.runSuites(TestNG.java:1032)
at org.testng.TestNG.run(TestNG.java:1000)
at org.testng.remote.AbstractRemoteTestNG.run(AbstractRemoteTestNG.java:115)
at org.testng.remote.RemoteTestNG.initAndRun(RemoteTestNG.java:251)
at org.testng.remote.RemoteTestNG.main(RemoteTestNG.java:77)
]]>
            </full-stacktrace>
          </exception> <!-- java.lang.Error -->
          <reporter-output>
          </reporter-output>
        </test-method> <!-- loginTest -->
      </class> <!-- com.crn.qa.testcases.LoginPageTest -->
    </test> <!-- Free CRM App -->
  </suite> <!-- FREE CRM Application Test Automation Test Suite -->
</testng-results>
